<?xml version="1.0" encoding="UTF-8"?>
<!-- Generated by org.testng.reporters.JUnitXMLReporter -->
<testsuite hostname="Subrahmanyam" ignored="0" name="Default test" tests="4" failures="0" timestamp="2021-02-16T07:41:49 IST" time="0.115" errors="0">
  <testcase name="BusLoanMobileDay1" time="0.013" classname="MavenOne.TestingMaven.Day1Test"/>
  <testcase name="BusLoanWebDay1" time="0.003" classname="MavenOne.TestingMaven.Day1Test"/>
  <testcase name="CarLoanMobileDay1" time="0.004" classname="MavenOne.TestingMaven.Day1Test"/>
  <testcase name="CarLoanWebDay1" time="0.006" classname="MavenOne.TestingMaven.Day1Test"/>
</testsuite> <!-- Default test -->
