<?xml version="1.0" encoding="UTF-8"?>
<!-- Generated by org.testng.reporters.JUnitXMLReporter -->
<testsuite hostname="Subrahmanyam" ignored="6" name="Test" tests="6" failures="0" timestamp="2021-02-16T07:49:33 IST" time="0.182" errors="0">
  <testcase name="CarLoanMobileDay1" time="0.012" classname="MavenOne.TestingMaven.Day1Test"/>
  <testcase name="CarLoanWebDay1" time="0.002" classname="MavenOne.TestingMaven.Day1Test"/>
  <testcase name="CarLoanMobileDay2" time="0.002" classname="MavenOne.TestingMaven.Day2Test"/>
  <testcase name="CarLoanWebDay2" time="0.004" classname="MavenOne.TestingMaven.Day2Test"/>
  <testcase name="CarLoanMobileDay3" time="0.004" classname="MavenOne.TestingMaven.Day3Test"/>
  <testcase name="CarLoanWebDay3" time="0.003" classname="MavenOne.TestingMaven.Day3Test"/>
  <testcase name="BusLoanWebDay1" time="0.0" classname="MavenOne.TestingMaven.Day1Test">
    <ignored/>
  </testcase> <!-- BusLoanWebDay1 -->
  <testcase name="BusLoanWebDay3" time="0.0" classname="MavenOne.TestingMaven.Day3Test">
    <ignored/>
  </testcase> <!-- BusLoanWebDay3 -->
  <testcase name="BusLoanMobileDay3" time="0.0" classname="MavenOne.TestingMaven.Day3Test">
    <ignored/>
  </testcase> <!-- BusLoanMobileDay3 -->
  <testcase name="BusLoanMobileDay1" time="0.0" classname="MavenOne.TestingMaven.Day1Test">
    <ignored/>
  </testcase> <!-- BusLoanMobileDay1 -->
  <testcase name="BusLoanMobileDay2" time="0.0" classname="MavenOne.TestingMaven.Day2Test">
    <ignored/>
  </testcase> <!-- BusLoanMobileDay2 -->
  <testcase name="BusLoanWebDay2" time="0.0" classname="MavenOne.TestingMaven.Day2Test">
    <ignored/>
  </testcase> <!-- BusLoanWebDay2 -->
</testsuite> <!-- Test -->
