<?xml version="1.0" encoding="UTF-8"?>
<!-- Generated by org.testng.reporters.JUnitXMLReporter -->
<testsuite hostname="Subrahmanyam" ignored="0" name="Test" tests="4" failures="0" timestamp="2021-02-21T19:11:54 IST" time="0.064" errors="0">
  <testcase name="BusLoanMobileDay2" time="0.008" classname="MavenOne.TestingMaven.Day2Test"/>
  <testcase name="BusLoanWebDay2" time="0.0" classname="MavenOne.TestingMaven.Day2Test"/>
  <testcase name="CarLoanMobileDay2" time="0.0" classname="MavenOne.TestingMaven.Day2Test"/>
  <testcase name="CarLoanWebDay2" time="0.0" classname="MavenOne.TestingMaven.Day2Test"/>
</testsuite> <!-- Test -->
